<?xml version="1.0" encoding="UTF-8"?>
<testng-results skipped="0" failed="0" ignored="0" total="1" passed="1">
  <reporter-output>
  </reporter-output>
  <suite name="Suite" duration-ms="13499" started-at="2017-01-31T19:32:19Z" finished-at="2017-01-31T19:32:32Z">
    <groups>
    </groups>
    <test name="Test" duration-ms="13499" started-at="2017-01-31T19:32:19Z" finished-at="2017-01-31T19:32:32Z">
      <class name="com.test1.test.MyAccountPageTests">
        <test-method status="PASS" signature="f()[pri:0, instance:com.test1.test.MyAccountPageTests@4678c730]" name="f" duration-ms="13447" started-at="2017-01-31T13:32:19Z" finished-at="2017-01-31T13:32:32Z">
          <reporter-output>
          </reporter-output>
        </test-method> <!-- f -->
      </class> <!-- com.test1.test.MyAccountPageTests -->
    </test> <!-- Test -->
  </suite> <!-- Suite -->
</testng-results>
